<?xml version="1.0" encoding="UTF-8"?>
<!-- Generated by org.testng.reporters.JUnitReportReporter -->
<testsuite hostname="HP" failures="0" tests="1" name="projectdemo1.demo1" time="0.010" errors="0" timestamp="2025-01-09T06:27:38 IST" skipped="0">
  <testcase classname="projectdemo1.demo1" name="username" time="0.010"/>
  <system-out/>
</testsuite> <!-- projectdemo1.demo1 -->
