<?xml version="1.0" encoding="UTF-8"?>
<!-- Generated by org.testng.reporters.JUnitReportReporter -->
<testsuite hostname="HP" failures="0" tests="1" name="projectdemo1.demo" time="0.013" errors="0" timestamp="2025-01-07T20:13:16 IST" skipped="0">
  <testcase classname="projectdemo1.demo" name="name" time="0.013"/>
  <system-out/>
</testsuite> <!-- projectdemo1.demo -->
