<?xml version="1.0" encoding="UTF-8"?>
<!-- Generated by org.testng.reporters.JUnitReportReporter -->
<testsuite hostname="HP" failures="0" tests="1" name="Assertion.Soft_assert" time="0.020" errors="0" timestamp="2025-01-16T05:44:05 IST" skipped="0">
  <testcase classname="Assertion.Soft_assert" name="test1" time="0.020"/>
</testsuite> <!-- Assertion.Soft_assert -->
